#######################################################################################
# log primitive debug message of FSDB dumping                                         #
# This is for R&D to analyze when there are issues happening when FSDB dump           #
#######################################################################################
ANF: vcsd_get_serial_mode_status('simv: undefined symbol: vcsd_get_serial_mode_status')
ANF: vcsd_enable_sva_success_callback('simv: undefined symbol: vcsd_enable_sva_success_callback')
ANF: vcsd_disable_sva_success_callback('simv: undefined symbol: vcsd_disable_sva_success_callback')
ANF: vcsd_get_power_scope_name('simv: undefined symbol: vcsd_get_power_scope_name')
ANF: vcsd_begin_no_value_var_info('simv: undefined symbol: vcsd_begin_no_value_var_info')
ANF: vcsd_end_no_value_var_info('simv: undefined symbol: vcsd_end_no_value_var_info')
ANF: vcsd_remove_xprop_merge_mode_callback('simv: undefined symbol: vcsd_remove_xprop_merge_mode_callback')
ANF: vhpi_get_cb_info('simv: undefined symbol: vhpi_get_cb_info')
ANF: vhpi_free_handle('simv: undefined symbol: vhpi_free_handle')
ANF: vhpi_fetch_vcsd_handle('simv: undefined symbol: vhpi_fetch_vcsd_handle')
ANF: vhpi_fetch_vpi_handle('simv: undefined symbol: vhpi_fetch_vpi_handle')
ANF: vhpi_has_verilog_parent('simv: undefined symbol: vhpi_has_verilog_parent')
ANF: vhpi_is_verilog_scope('simv: undefined symbol: vhpi_is_verilog_scope')
ANF: scsd_xprop_is_enabled('simv: undefined symbol: scsd_xprop_is_enabled')
ANF: scsd_xprop_sig_is_promoted('simv: undefined symbol: scsd_xprop_sig_is_promoted')
ANF: scsd_xprop_int_xvalue('simv: undefined symbol: scsd_xprop_int_xvalue')
ANF: scsd_xprop_bool_xvalue('simv: undefined symbol: scsd_xprop_bool_xvalue')
ANF: scsd_xprop_enum_xvalue('simv: undefined symbol: scsd_xprop_enum_xvalue')
ANF: scsd_xprop_register_merge_mode_cb('simv: undefined symbol: scsd_xprop_register_merge_mode_cb')
ANF: scsd_xprop_delete_merge_mode_cb('simv: undefined symbol: scsd_xprop_delete_merge_mode_cb')
ANF: scsd_xprop_get_merge_mode('simv: undefined symbol: scsd_xprop_get_merge_mode')
ANF: scsd_thread_get_info('simv: undefined symbol: scsd_thread_get_info')
ANF: scsd_thread_vc_init('simv: undefined symbol: scsd_thread_vc_init')
ANF: scsd_master_set_delta_sync_cbk('simv: undefined symbol: scsd_master_set_delta_sync_cbk')
ANF: scsd_fgp_get_fsdb_cores('simv: undefined symbol: scsd_fgp_get_fsdb_cores')
ANF: scsd_fgp_get_is_cpu_affinity_disabled('simv: undefined symbol: scsd_fgp_get_is_cpu_affinity_disabled')
ANF: vhdi_dt_get_type('simv: undefined symbol: vhdi_dt_get_type')
ANF: vhdi_dt_get_key('simv: undefined symbol: vhdi_dt_get_key')
ANF: vhdi_dt_get_vhdl_enum_info('simv: undefined symbol: vhdi_dt_get_vhdl_enum_info')
ANF: vhdi_dt_get_vhdl_physical_info('simv: undefined symbol: vhdi_dt_get_vhdl_physical_info')
ANF: vhdi_dt_get_vhdl_array_info('simv: undefined symbol: vhdi_dt_get_vhdl_array_info')
ANF: vhdi_dt_get_vhdl_record_info('simv: undefined symbol: vhdi_dt_get_vhdl_record_info')
ANF: vhdi_def_traverse_module('simv: undefined symbol: vhdi_def_traverse_module')
ANF: vhdi_def_traverse_scope('simv: undefined symbol: vhdi_def_traverse_scope')
ANF: vhdi_def_traverse_variable('simv: undefined symbol: vhdi_def_traverse_variable')
ANF: vhdi_def_get_module_id_by_vhpi('simv: undefined symbol: vhdi_def_get_module_id_by_vhpi')
ANF: vhdi_def_get_handle_by_module_id('simv: undefined symbol: vhdi_def_get_handle_by_module_id')
ANF: vhdi_def_get_variable_info_by_vhpi('simv: undefined symbol: vhdi_def_get_variable_info_by_vhpi')
ANF: vhdi_def_free('simv: undefined symbol: vhdi_def_free')
ANF: vhdi_ist_traverse_scope('simv: undefined symbol: vhdi_ist_traverse_scope')
ANF: vhdi_ist_traverse_variable('simv: undefined symbol: vhdi_ist_traverse_variable')
ANF: vhdi_ist_convert_by_vhpi('simv: undefined symbol: vhdi_ist_convert_by_vhpi')
ANF: vhdi_ist_clone('simv: undefined symbol: vhdi_ist_clone')
ANF: vhdi_ist_free('simv: undefined symbol: vhdi_ist_free')
ANF: vhdi_ist_hash_key('simv: undefined symbol: vhdi_ist_hash_key')
ANF: vhdi_ist_compare('simv: undefined symbol: vhdi_ist_compare')
ANF: vhdi_ist_get_value_addr('simv: undefined symbol: vhdi_ist_get_value_addr')
ANF: vhdi_set_scsd_callback('simv: undefined symbol: vhdi_set_scsd_callback')
ANF: vhdi_cbk_set_force_callback('simv: undefined symbol: vhdi_cbk_set_force_callback')
ANF: vhdi_trigger_init_force('simv: undefined symbol: vhdi_trigger_init_force')
ANF: vhdi_ist_check_scsd_callback('simv: undefined symbol: vhdi_ist_check_scsd_callback')
ANF: vhdi_ist_add_scsd_callback('simv: undefined symbol: vhdi_ist_add_scsd_callback')
ANF: vhdi_ist_remove_scsd_callback('simv: undefined symbol: vhdi_ist_remove_scsd_callback')
ANF: vhdi_ist_get_scsd_user_data('simv: undefined symbol: vhdi_ist_get_scsd_user_data')
ANF: vhdi_add_time_change_callback('simv: undefined symbol: vhdi_add_time_change_callback')
ANF: vhdi_get_real_value_by_value_addr('simv: undefined symbol: vhdi_get_real_value_by_value_addr')
ANF: vhdi_get_64_value_by_value_addr('simv: undefined symbol: vhdi_get_64_value_by_value_addr')
ANF: vhdi_xprop_inst_is_promoted('simv: undefined symbol: vhdi_xprop_inst_is_promoted')
ANF: vdi_ist_convert_by_vhdi('simv: undefined symbol: vdi_ist_convert_by_vhdi')
ANF: vhdi_ist_get_module_id('simv: undefined symbol: vhdi_ist_get_module_id')
ANF: vhdi_refine_foreign_scope_type('simv: undefined symbol: vhdi_refine_foreign_scope_type')
ANF: vhdi_flush_callback('simv: undefined symbol: vhdi_flush_callback')
ANF: vhdi_set_orig_name('simv: undefined symbol: vhdi_set_orig_name')
ANF: vhdi_set_dump_pt('simv: undefined symbol: vhdi_set_dump_pt')
ANF: vhdi_get_fsdb_option('simv: undefined symbol: vhdi_get_fsdb_option')
ANF: vhdi_fgp_get_mode('simv: undefined symbol: vhdi_fgp_get_mode')
ANF: vhdi_node_register_composite_var('simv: undefined symbol: vhdi_node_register_composite_var')
ANF: vhdi_node_analysis('simv: undefined symbol: vhdi_node_analysis')
ANF: vhdi_node_id('simv: undefined symbol: vhdi_node_id')
ANF: vhdi_node_ist_check_scsd_callback('simv: undefined symbol: vhdi_node_ist_check_scsd_callback')
ANF: vhdi_node_ist_add_scsd_callback('simv: undefined symbol: vhdi_node_ist_add_scsd_callback')
ANF: vhdi_node_ist_get_value_addr('simv: undefined symbol: vhdi_node_ist_get_value_addr')
ANF: vhdi_enc_def_traverse_module('simv: undefined symbol: vhdi_enc_def_traverse_module')
ANF: vhdi_enc_def_traverse_scope('simv: undefined symbol: vhdi_enc_def_traverse_scope')
ANF: vhdi_enc_def_traverse_variable('simv: undefined symbol: vhdi_enc_def_traverse_variable')
ANF: vhdi_enc_ist_traverse_scope('simv: undefined symbol: vhdi_enc_ist_traverse_scope')
ANF: vhdi_enc_ist_traverse_variable('simv: undefined symbol: vhdi_enc_ist_traverse_variable')
ANF: vhdi_enc_ist_get_module_id('simv: undefined symbol: vhdi_enc_ist_get_module_id')
ANF: vhdi_enc_def_get_handle_by_module_id('simv: undefined symbol: vhdi_enc_def_get_handle_by_module_id')
VCS compile option:
 option[0]: simv
 option[1]: /usr/cad/synopsys/vcs/2022.06/linux64/bin/vcs1
 option[2]: -Mcc=gcc
 option[3]: -Mcplusplus=g++
 option[4]: -Masflags=
 option[5]: -Mcfl= -pipe -fPIC -O -I/usr/cad/synopsys/vcs/2022.06/include 
 option[6]: -Mxllcflags=
 option[7]: -Mxcflags= -pipe -fPIC -I/usr/cad/synopsys/vcs/2022.06/include
 option[8]: -Mldflags= -rdynamic 
 option[9]: -Mout=simv
 option[10]: -Mamsrun=
 option[11]: -Mvcsaceobjs=
 option[12]: -Mobjects= /usr/cad/synopsys/vcs/2022.06/linux64/lib/libvirsim.so /usr/cad/synopsys/vcs/2022.06/linux64/lib/liberrorinf.so /usr/cad/synopsys/vcs/2022.06/linux64/lib/libsnpsmalloc.so /usr/cad/synopsys/vcs/2022.06/linux64/lib/libvfs.so 
 option[13]: -Mexternalobj=
 option[14]: -Msaverestoreobj=/usr/cad/synopsys/vcs/2022.06/linux64/lib/vcs_save_restore_new.o
 option[15]: -Mcrt0=
 option[16]: -Mcrtn=
 option[17]: -Mcsrc=
 option[18]: -Msyslibs=/usr/cad/synopsys/verdi/cur/share/PLI/VCS/LINUX64/pli.a -ldl 
 option[19]: -Xvcs_run_simv=1
 option[20]: -full64
 option[21]: -debug_access+all+v2k
 option[22]: +vpi
 option[23]: +vcsd1
 option[24]: +itf+/usr/cad/synopsys/vcs/2022.06/linux64/lib/vcsdp_lite.tab
 option[25]: -picarchive
 option[26]: -P
 option[27]: /usr/cad/synopsys/verdi/cur/share/PLI/VCS/LINUX64/verdi.tab
 option[28]: -fsdb
 option[29]: -gen_obj
 option[30]: tb_poker.v
 option[31]: poker.v
 option[32]: lib.v
 option[33]: -load
 option[34]: /usr/cad/synopsys/verdi/cur/share/PLI/VCS/LINUX64/libnovas.so:FSDBDumpCmd
Chronologic Simulation VCS Release T-2022.06_Full64
Linux 3.10.0-1160.88.1.el7.x86_64 #1 SMP Tue Mar 7 15:41:52 UTC 2023 x86_64
CPU cores: 16
Limit information:
======================================
cputime		unlimited
filesize		unlimited
datasize		unlimited
stacksize		unlimited
coredumpsize		0 kbytes
memoryuse		unlimited
vmemoryuse		unlimited
descriptors		4096
memorylocked		64 kbytes
maxproc		4096
======================================
(Special)Runtime environment variables:

Runtime environment variables:
REMOTEHOST=140.112.87.33
MANPATH=/usr/cad/synopsys/vcs/2022.06/doc/man
TMIARCH=RH_64
XDG_SESSION_ID=38538
HOSTNAME=cad17
UNAME=/bin/uname
SELINUX_ROLE_REQUESTED=
SCRNAME=vcs
VCS_DEPTH=0
HOST=cad17
TERM=xterm
SHELL=/bin/tcsh
SSH_CLIENT=140.112.87.33 14565 22
SELINUX_USE_CURRENT_RANGE=
CDS_LOAD_ENV=CSF
HSP_GCC_VERSION=9.2.0
MGC_LOCATION_MAP=NO_MAP
QTDIR=/usr/lib64/qt-3.3
QTINC=/usr/lib64/qt-3.3/include
SSH_TTY=/dev/pts/1
LC_ALL=C
SNPS_VCS_INTERNAL_ROOT_PID=11880
SPAPI_AHDL_INCLUDE=/home/raid7_4/raid1_1/linux/synopsys/hspice/2022.06/hspice/include
QT_GRAPHICSSYSTEM_CHECKED=1
HSP_HOME=/home/raid7_4/raid1_1/linux/synopsys/hspice/2022.06/hspice
GROUP=user
USER=r2945050
LD_LIBRARY_PATH=/usr/cad/synopsys/vcs/2022.06/lib:/usr/cad/synopsys/vcs/2022.06/linux64/lib:/lib64:/usr/lib64:/usr/local/lib64:/usr/spring_soft/verdi/cur/share/PLI/nc_xl/LINUX/xl_shared:/usr/spring_soft/verdi/cur/share/PLI/nc_xl/LINUX/nc_shared:/home/raid7_4/raid1_1/linux/novas/verdi/cur/share/PLI/IUS/LINUX/::/usr/cad/synopsys/verdi/cur/share/PLI/VCS/LINUX64
LS_COLORS=rs=0:di=01;34:ln=01;36:mh=00:pi=40;33:so=01;35:do=01;35:bd=40;33;01:cd=40;33;01:or=40;31;01:mi=01;05;37;41:su=37;41:sg=30;43:ca=30;41:tw=30;42:ow=34;42:st=37;44:ex=01;32:*.tar=01;31:*.tgz=01;31:*.arc=01;31:*.arj=01;31:*.taz=01;31:*.lha=01;31:*.lz4=01;31:*.lzh=01;31:*.lzma=01;31:*.tlz=01;31:*.txz=01;31:*.tzo=01;31:*.t7z=01;31:*.zip=01;31:*.z=01;31:*.Z=01;31:*.dz=01;31:*.gz=01;31:*.lrz=01;31:*.lz=01;31:*.lzo=01;31:*.xz=01;31:*.bz2=01;31:*.bz=01;31:*.tbz=01;31:*.tbz2=01;31:*.tz=01;31:*.deb=01;31:*.rpm=01;31:*.jar=01;31:*.war=01;31:*.ear=01;31:*.sar=01;31:*.rar=01;31:*.alz=01;31:*.ace=01;31:*.zoo=01;31:*.cpio=01;31:*.7z=01;31:*.rz=01;31:*.cab=01;31:*.jpg=01;35:*.jpeg=01;35:*.gif=01;35:*.bmp=01;35:*.pbm=01;35:*.pgm=01;35:*.ppm=01;35:*.tga=01;35:*.xbm=01;35:*.xpm=01;35:*.tif=01;35:*.tiff=01;35:*.png=01;35:*.svg=01;35:*.svgz=01;35:*.mng=01;35:*.pcx=01;35:*.mov=01;35:*.mpg=01;35:*.mpeg=01;35:*.m2v=01;35:*.mkv=01;35:*.webm=01;35:*.ogm=01;35:*.mp4=01;35:*.m4v=01;35:*.mp4v=01;35:*.vob=01;35:*.qt=01;35:*.nuv=01;35:*.wmv=01;35:*.asf=01;35:*.rm=01;35:*.rmvb=01;35:*.flc=01;35:*.avi=01;35:*.fli=01;35:*.flv=01;35:*.gl=01;35:*.dl=01;35:*.xcf=01;35:*.xwd=01;35:*.yuv=01;35:*.cgm=01;35:*.emf=01;35:*.axv=01;35:*.anx=01;35:*.ogv=01;35:*.ogx=01;35:*.aac=01;36:*.au=01;36:*.flac=01;36:*.mid=01;36:*.midi=01;36:*.mka=01;36:*.mp3=01;36:*.mpc=01;36:*.ogg=01;36:*.ra=01;36:*.wav=01;36:*.axa=01;36:*.oga=01;36:*.spx=01;36:*.xspf=01;36:
SCRIPT_NAME=vcs
VCS_MX_HOME_INTERNAL=1
installdir=/home/raid7_4/raid1_1/linux/synopsys/hspice/2022.06/hspice
HOSTTYPE=x86_64-linux
SNPS_VCS_CLANG_PATH=/usr/cad/synopsys/vcs/2022.06/linux64/clang
ENCOUNTER=/usr/cad/cadence/EDI/cur/tools/fe
VCS_USER_OPTIONS=tb_poker.v poker.v lib.v -full64 -R -debug_access+all+v2k
CMIARCH=RH_64
OVA_UUM=0
VCS_MODE_FLAG=64
MAIL=/var/spool/mail/r2945050
PATH=.:/usr/cad/synopsys/vcs/2022.06/amd64/bin:/usr/spring_soft/verdi/cur/bin:/usr/spring_soft/verdi/cur/nLint/bin:/home/raid7_4/raid1_1/linux/synopsys/hspice/2022.06/hspice/bin:/home/raid7_4/raid1_1/linux/synopsys/hspice/2022.06/hspice/GNU/linux64/gcc/bin:/home/raid7_4/raid1_1/linux/synopsys/hspice/2022.06/hspice/linux64:/usr/bin:/usr/ucb/bin:/usr/mentor/calibre/cur/bin:/usr/cad/synopsys/customexplorer/cur/bin:/usr/cad/cadence/SPECTRE/cur/tools/dfII/bin:/usr/cad/cadence/SPECTRE/cur/tools/bin:/usr/cad/cadence/STRATUS/cur/tools/bin:/usr/cad/cadence/JASPER/cur/bin:/usr/cad/cadence/EDI/cur/tools/celtic/bin:/usr/cad/cadence/EDI/cur/tools/plato/bin:/usr/cad/cadence/EDI/cur/tools/dfII/bin:/usr/cad/cadence/EDI/cur/tools/fe/bin:/usr/cad/cadence/EDI/cur/tools/cdsdoc/bin:/usr/cad/cadence/EDI/cur/tools/bin:/usr/cad/cadence/EDI/cur//tools/tlfUtil/bin:/usr/cad/cadence/RC/cur/tools/bin:/usr/cad/cadence/MMSIM/cur/tools/dfII/bin:/usr/cad/cadence/MMSIM/cur/tools/bin:/usr/cad/cadence/NEOCIRCUIT/cur/tools/NeoCircuit/bin:bin.linux:/usr/cad/cadence/SPB/cur/tools/specctra/bin:/usr/cad/cadence/SPB/cur/tools/pcb/bin:/usr/cad/cadence/SPB/cur/tools/dfII/bin:/usr/cad/cadence/SPB/cur/tools/bin:/usr/cad/cadence/INCISIV/cur/tools/bin:/usr/cad/cadence/INCISIV/cur/tools/vtools/vfault/bin:/usr/cad/cadence/INCISIV/cur/tools/dfII/bin:/usr/cad/cadence/IC/cur/tools/dfII/bin:/usr/cad/cadence/IC/cur/tools/dracula/bin:/usr/cad/cadence/IC/cur/tools/bin:/usr/cad/cadence/EXT/cur/tools/bin:/usr/cad/cadence/ETS/cur/tools/bin:/usr/cad/cadence/CONFRML/cur/./bin:/usr/cad/cadence/CONFRML/cur/tools/bin:/usr/cad/cadence/CCD/cur/tools/bin:/usr/cad/cadence/ASSURA/cur/tools/assura/bin:/usr/cad/cadence/ASSURA/cur/tools/dsm/bin:/usr/cad/cadence/ASSURA/cur/tools/bin:/usr/cad/cadence/ASSURA/cur/tools/dfII/bin:/usr/lib64/qt-3.3/bin:/usr/local/bin:/usr/bin:/usr/local/sbin:/usr/sbin:/home/raid7_4/raid1_1/linux/novas/verdi/cur/bin
SNPS_VCS_INTERNAL_CURR_PID=11880
VERDI_HOME=/usr/cad/synopsys/verdi/cur
OAHOME=/usr/cad/cadence/oa_v22.04.073
PWD=/home/raid7_2/user12/r2945050/ICD/HW3
VCS_HOME=/usr/cad/synopsys/vcs/2022.06
SNPS_VCS_INTERNAL_MEMPRELOAD_USE_LIBC=1
SNPS_INTERNAL_VCS_LINUX_OS=linux
OA_HOME=/usr/cad/cadence/EDI/cur/oa
VERPLEX_HOME=/usr/cad/cadence/CONFRML/cur
VMR_MODE_FLAG=64
SELINUX_LEVEL_REQUESTED=
VCS_CC=gcc
CDS_Netlisting_Mode=Analog
LM_LICENSE_FILE=26585@lstc:1717@lstc:5280@lshc
VCS_ARG_ADDED_FOR_TMP=1
SNPS_VCS_TMPDIR=/tmp/vcs_20231123181047_11880
HSP_GCC=/home/raid7_4/raid1_1/linux/synopsys/hspice/2022.06/hspice/GNU/linux64/gcc/bin/gcc -m64 
SHLVL=2
HOME=/home/raid7_2/user12/r2945050
OSTYPE=linux
MGC_HOME=/usr/mentor/calibre/cur
SNPS_64=1
VCS_COM=/usr/cad/synopsys/vcs/2022.06/linux64/bin/vcs1
SNPS_PLATFORM=linux64
HSP_SIGMA_AMP=/home/raid7_4/raid1_1/linux/synopsys/hspice/2022.06/hspice/linux64/python/AVA/ava
MGC_TMPDIR=/tmp
VENDOR=unknown
MACHTYPE=x86_64
LOGNAME=r2945050
QTLIB=/usr/lib64/qt-3.3/lib
SNPS_VCS_INTERNAL_ROOT_START_TIME=1700763047.825523396
NEOCKTHOME=/usr/cad/cadence/NEOCIRCUIT/cur/tools/NeoCircuit
SSH_CONNECTION=140.112.87.33 14565 140.112.20.60 22
mraarch=linux_64
CDS_LIC_FILE=/usr/cad/cadence/IC/cur/share/license/license.dat
LESSOPEN=||/usr/bin/lesspipe.sh %s
SHLIB_PATH=/usr/spring_soft/verdi/cur/share/PLI/nc_xl/LINUX/xl_shared:/usr/spring_soft/verdi/cur/share/PLI/nc_xl/LINUX/nc_shared
ARCH=linux64
sysc_uni_pwd=/home/raid7_2/user12/r2945050/ICD/HW3
CDPL_HOME=/home/raid7_4/raid1_1/linux/synopsys/hspice/2022.06/hspice/cdpl
XDG_RUNTIME_DIR=/run/user/1674
DISPLAY=localhost:11.0
VCS_ARCH=linux64
SYN_MAN_DIR=/usr/cad/synopsys/vcs/2022.06/doc/man
TOOL_HOME=/usr/cad/synopsys/vcs/2022.06/linux64
ASSURAHOME=/usr/cad/cadence/ASSURA/cur
_=./simv
OLDPWD=/home/raid7_2/user12/r2945050/ICD/HW3/simv.daidir/debug_dump/fsearch
VCS_PATHMAP_PRELOAD_DONE=1
VCS_EXEC_DONE=1
DVE=/usr/cad/synopsys/vcs/2022.06/gui/dve
SPECMAN_OUTPUT_TO_TTY=1
FLEXLM_BORROWFILE=/home/raid7_2/user12/r2945050/.cad17-borrow.txt
Runtime command line arguments:
argv[0]=simv
234 profile - 100
          CPU/Mem usage: 0.120 sys,  0.600 user,  267.68M mem
235 Elapsed time:    0:00:01    Fri Nov 24 02:10:55 2023
236 User CPU time used: 0 seconds
237 System CPU time used: 0 seconds
238 pliAppInit
239 [SC]Init: MemoryConsumed=0.00MB ElapsedTime=0hour 0min. 0sec.
240 FSDB_GATE is set.
241 FSDB_RTL is set.
242 FSDB_ALIAS_ARRAY_ELEM is set to 4294967295.
243 Enable Parallel Dumping.
244 pliAppMiscSet: New Sim Round
245 pliEntryInit
246 LIBSSCORE=found /usr/cad/synopsys/verdi/cur/share/PLI/lib/LINUXAMD64/libsscore_vcs202206.so through $NOVAS_HOME setting.
247 FSDB Dumper for VCS, Release Verdi_T-2022.06, Linux x86_64/64bit, 05/29/2022
248 (C) 1996 - 2022 by Synopsys, Inc.
249 sps_call_fsdbDumpfile_main at 0 : tb_poker.v(45)
250 argv[0]: (poker.fsdb)
251 *Verdi* FSDB WARNING: The FSDB file already exists. Overwriting the FSDB file may crash the programs that are using this file.
252 *Verdi* : Create FSDB file 'poker.fsdb'
253 [spi_vcs_vd_ppi_create_root]: no upf option
254 compile option from '/home/raid7_2/user12/r2945050/ICD/HW3/simv.daidir/vcs_rebuild'.
255   "vcs 'tb_poker.v' 'poker.v' 'lib.v' '-full64' '-R' '-debug_access+all+v2k' 2>&1"
256 DVDI_is_vir_unload_enabled is enable
257 FSDB_VCS_ENABLE_NATIVE_VC is enable
258 sps_call_fsdbDumpvars_vd_main at 0 : tb_poker.v(46)
259 *Verdi* : Begin traversing the scopes, layer (0).
260 *Verdi* : End of traversing.
261 pliAppHDL_DumpVarComplete traverse var: profile - 
          CPU/Mem usage: 0.140 sys,  0.690 user,  367.18M mem
                   incr: 0.000 sys,  0.080 user,  7.73M mem
                   accu: 0.000 sys,  0.080 user,  7.73M mem
              accu incr: 0.000 sys,  0.080 user,  7.73M mem

          Count usage: 5107 var,  3557 idcode,  2850 callback
                 incr: 5107 var,  3557 idcode,  2850 callback
                 accu: 5107 var,  3557 idcode,  2850 callback
            accu incr: 5107 var,  3557 idcode,  2850 callback
262 Elapsed time:    0:00:01    Fri Nov 24 02:10:55 2023
263 User CPU time used: 0 seconds
264 System CPU time used: 0 seconds
265 pliAppHDL_DumpVarComplete: profile - 
          CPU/Mem usage: 0.150 sys,  0.690 user,  368.23M mem
                   incr: 0.010 sys,  0.000 user,  1.05M mem
                   accu: 0.010 sys,  0.080 user,  8.78M mem
              accu incr: 0.010 sys,  0.000 user,  1.05M mem

          Count usage: 5107 var,  3557 idcode,  2850 callback
                 incr: 0 var,  0 idcode,  0 callback
                 accu: 5107 var,  3557 idcode,  2850 callback
            accu incr: 0 var,  0 idcode,  0 callback
266 Elapsed time:    0:00:01    Fri Nov 24 02:10:55 2023
267 User CPU time used: 0 seconds
268 System CPU time used: 0 seconds
269 sps_call_fsdbDumpMDA_vd_main at 0 : tb_poker.v(47)
270 *Verdi* : Begin traversing the MDAs, layer (0).
271 *Verdi* : Enable +mda and +packedmda dumping.
272 *Verdi* : End of traversing the MDAs.
273 pliAppHDL_DumpVarComplete traverse var: profile - 
          CPU/Mem usage: 0.150 sys,  0.710 user,  369.79M mem
                   incr: 0.000 sys,  0.020 user,  1.56M mem
                   accu: 0.000 sys,  0.020 user,  1.56M mem
              accu incr: 0.000 sys,  0.020 user,  1.56M mem

          Count usage: 65144 var,  63594 idcode,  2862 callback
                 incr: 60037 var,  60037 idcode,  12 callback
                 accu: 60037 var,  60037 idcode,  12 callback
            accu incr: 60037 var,  60037 idcode,  12 callback
274 Elapsed time:    0:00:01    Fri Nov 24 02:10:55 2023
275 User CPU time used: 0 seconds
276 System CPU time used: 0 seconds
277 pliAppHDL_DumpVarComplete: profile - 
          CPU/Mem usage: 0.150 sys,  0.730 user,  372.79M mem
                   incr: 0.000 sys,  0.020 user,  3.00M mem
                   accu: 0.000 sys,  0.040 user,  4.55M mem
              accu incr: 0.000 sys,  0.020 user,  3.00M mem

          Count usage: 65144 var,  63594 idcode,  2862 callback
                 incr: 0 var,  0 idcode,  0 callback
                 accu: 60037 var,  60037 idcode,  12 callback
            accu incr: 0 var,  0 idcode,  0 callback
278 Elapsed time:    0:00:01    Fri Nov 24 02:10:55 2023
279 User CPU time used: 0 seconds
280 System CPU time used: 0 seconds
281 End of simulation at 210000000
282 Memory usage: 513.552 M
283 Maximum resident set size: 147 MB
284 Hard page faults: 0
285 Soft page faults: 49652
286 Elapsed time:    0:00:04    Fri Nov 24 02:10:58 2023
287 User CPU time used: 4 seconds
288 System CPU time used: 0 seconds
289 Begin FSDB profile info:
290 FSDB Writer : bc1(10852449) bcn(130724) mtf/stf(0/0)
FSDB Writer elapsed time : flush(1.799277) io wait(0.000000) theadpool wait(0.000000)
FSDB Writer cpu time : MT Compression : 0
291 End FSDB profile info
292 FSDB closed. Name: poker.fsdb Size: 7419391
293 Parallel profile     - ProducerThread:1 ConsumerThread:1 Buffer:64MB
294                      - BlockUsed:57 Acquire:11293846 BufferUsed:104754434
295                      - Flush:4 Expand:0 ProducerWait:0 ConsumerWait:55
296                      - MainProducerTime:4.729620199 TotalConsumerTime:1.362344146
297                      - ElapsedTime:4.310699000
298 Producer   0 profile - BlockUsed:57 Acquire:11293846 BufferUsed:104754434
299 Consumer   0 profile - Affinity:-1 CPUTime:1.362344146 LifeTime:2.101841379 (0.65%)
300                      - BlockUsed:57 Acquire:11293846 BufferUsed:104754434
301 SimExit
302 Elapsed time:    0:00:06    Fri Nov 24 02:11:00 2023
303 User CPU time used: 5 seconds
304 System CPU time used: 0 seconds
305 Sim process exit
